{
  "RSpec": {
    "coverage": {
      "/Users/iltonsilveira/Documents/projs/web/rubygem/cast/cocoapods-repo-ram/lib/cocoapods_plugin.rb": [
        1
      ],
      "/Users/iltonsilveira/Documents/projs/web/rubygem/cast/cocoapods-repo-ram/lib/cocoapods-repo-ram/command.rb": [
        1
      ],
      "/Users/iltonsilveira/Documents/projs/web/rubygem/cast/cocoapods-repo-ram/lib/cocoapods-repo-ram/command/ram.rb": [
        null,
        null,
        null,
        null,
        null,
        null,
        null,
        null,
        null,
        null,
        null,
        null,
        null,
        null,
        null,
        null,
        null,
        null,
        1,
        1,
        1,
        1,
        1,
        1,
        1,
        1,
        null,
        null,
        null,
        null,
        null,
        null,
        null,
        1,
        null,
        1,
        0,
        null,
        null,
        null,
        1,
        1,
        1,
        null,
        1,
        null,
        null,
        null,
        null,
        1,
        1,
        1,
        null,
        null,
        1,
        0,
        0,
        0,
        null,
        null,
        null,
        1,
        0,
        0,
        0,
        null,
        0,
        null,
        null,
        0,
        null,
        null,
        null,
        null,
        null,
        null,
        null,
        null,
        null,
        null,
        null,
        1,
        null,
        null,
        null,
        null,
        null
      ]
    },
    "timestamp": 1423659783
  }
}
